0 info it worked if it ends with ok
1 verbose cli [ 'c:\\Program Files\\nodejs\\node.exe',
1 verbose cli   'c:\\Program Files\\nodejs\\node_modules\\npm\\bin\\npm-cli.js',
1 verbose cli   'run',
1 verbose cli   'lint' ]
2 info using npm@2.11.3
3 info using node@v0.12.7
4 verbose run-script [ 'prelint', 'lint', 'postlint' ]
5 info prelint react-cordova-boilerplate@0.0.0
6 info lint react-cordova-boilerplate@0.0.0
7 verbose unsafe-perm in lifecycle true
8 info react-cordova-boilerplate@0.0.0 Failed to exec lint script
9 verbose stack Error: react-cordova-boilerplate@0.0.0 lint: `eslint --ext .js,.jsx .`
9 verbose stack Exit status 1
9 verbose stack     at EventEmitter.<anonymous> (c:\Program Files\nodejs\node_modules\npm\lib\utils\lifecycle.js:213:16)
9 verbose stack     at EventEmitter.emit (events.js:110:17)
9 verbose stack     at ChildProcess.<anonymous> (c:\Program Files\nodejs\node_modules\npm\lib\utils\spawn.js:24:14)
9 verbose stack     at ChildProcess.emit (events.js:110:17)
9 verbose stack     at maybeClose (child_process.js:1015:16)
9 verbose stack     at Process.ChildProcess._handle.onexit (child_process.js:1087:5)
10 verbose pkgid react-cordova-boilerplate@0.0.0
11 verbose cwd c:\dev\react-cordova-boilerplate
12 error Windows_NT 6.3.9600
13 error argv "c:\\Program Files\\nodejs\\node.exe" "c:\\Program Files\\nodejs\\node_modules\\npm\\bin\\npm-cli.js" "run" "lint"
14 error node v0.12.7
15 error npm  v2.11.3
16 error code ELIFECYCLE
17 error react-cordova-boilerplate@0.0.0 lint: `eslint --ext .js,.jsx .`
17 error Exit status 1
18 error Failed at the react-cordova-boilerplate@0.0.0 lint script 'eslint --ext .js,.jsx .'.
18 error This is most likely a problem with the react-cordova-boilerplate package,
18 error not with npm itself.
18 error Tell the author that this fails on your system:
18 error     eslint --ext .js,.jsx .
18 error You can get their info via:
18 error     npm owner ls react-cordova-boilerplate
18 error There is likely additional logging output above.
19 verbose exit [ 1, true ]
